#
# There is insufficient memory for the Java Runtime Environment to continue.
# Native memory allocation (mmap) failed to map 266338304 bytes for G1 virtual space
# Possible reasons:
#   The system is out of physical RAM or swap space
#   The process is running with CompressedOops enabled, and the Java Heap may be blocking the growth of the native heap
# Possible solutions:
#   Reduce memory load on the system
#   Increase physical memory or swap space
#   Check if swap backing store is full
#   Decrease Java heap size (-Xmx/-Xms)
#   Decrease number of Java threads
#   Decrease Java thread stack sizes (-Xss)
#   Set larger code cache with -XX:ReservedCodeCacheSize=
#   JVM is running with Zero Based Compressed Oops mode in which the Java heap is
#     placed in the first 32GB address space. The Java Heap base address is the
#     maximum limit for the native heap growth. Please use -XX:HeapBaseMinAddress
#     to set the Java Heap base and to place the Java Heap above 32GB virtual address.
# This output file may be truncated or incomplete.
#
#  Out of Memory Error (os_windows.cpp:3603), pid=3544, tid=24332
#
# JRE version:  (21.0.7+8) (build )
# Java VM: Java HotSpot(TM) 64-Bit Server VM (21.0.7+8-LTS-245, mixed mode, sharing, tiered, compressed oops, compressed class ptrs, g1 gc, windows-amd64)
# No core dump will be written. Minidumps are not enabled by default on client versions of Windows
#

---------------  S U M M A R Y ------------

Command Line: C:\Users\VaVe\AppData\Local\Temp\surefire15251547579844772451\surefirebooter-20250807221021113_3.jar C:\Users\VaVe\AppData\Local\Temp\surefire15251547579844772451 2025-08-07T22-10-20_974-jvmRun1 surefire-20250807221021113_1tmp surefire_0-20250807221021113_2tmp

Host: 11th Gen Intel(R) Core(TM) i7-11370H @ 3.30GHz, 8 cores, 15G,  Windows 11 , 64 bit Build 26100 (10.0.26100.4768)
Time: Thu Aug  7 22:10:21 2025 India Standard Time elapsed time: 0.010061 seconds (0d 0h 0m 0s)

---------------  T H R E A D  ---------------

Current thread (0x00000234c3fe6530):  JavaThread "Unknown thread" [_thread_in_vm, id=24332, stack(0x000000b3d7e00000,0x000000b3d7f00000) (1024K)]

Stack: [0x000000b3d7e00000,0x000000b3d7f00000]
Native frames: (J=compiled Java code, j=interpreted, Vv=VM code, C=native code)
V  [jvm.dll+0x6cae19]
V  [jvm.dll+0x855741]
V  [jvm.dll+0x857c6e]
V  [jvm.dll+0x858343]
V  [jvm.dll+0x27e0b6]
V  [jvm.dll+0x6c7595]
V  [jvm.dll+0x6bc0fa]
V  [jvm.dll+0x353eaa]
V  [jvm.dll+0x35bb26]
V  [jvm.dll+0x3ae52e]
V  [jvm.dll+0x3ae7d8]
V  [jvm.dll+0x3281bc]
V  [jvm.dll+0x328d1b]
V  [jvm.dll+0x81eaf9]
V  [jvm.dll+0x3bb211]
V  [jvm.dll+0x807d78]
V  [jvm.dll+0x4503ee]
V  [jvm.dll+0x451fe1]
C  [jli.dll+0x52a3]
C  [ucrtbase.dll+0x37b0]
C  [KERNEL32.DLL+0x2e8d7]
C  [ntdll.dll+0x3c34c]


---------------  P R O C E S S  ---------------

Threads class SMR info:
_java_thread_list=0x00007ff9ee36cc48, length=0, elements={
}

Java Threads: ( => current thread )
Total: 0

Other Threads:
  0x00000234c459e590 WorkerThread "GC Thread#0"                     [id=34172, stack(0x000000b3d7f00000,0x000000b3d8000000) (1024K)]
  0x00000234c45af8a0 ConcurrentGCThread "G1 Main Marker"            [id=30544, stack(0x000000b3d8000000,0x000000b3d8100000) (1024K)]
  0x00000234c45b1130 WorkerThread "G1 Conc#0"                       [id=37756, stack(0x000000b3d8100000,0x000000b3d8200000) (1024K)]

[error occurred during error reporting (printing all threads), id 0xc0000005, EXCEPTION_ACCESS_VIOLATION (0xc0000005) at pc=0x00007ff9edada947]
VM state: not at safepoint (not fully initialized)

VM Mutex/Monitor currently owned by a thread:  ([mutex/lock_event])
[0x00007ff9ee3ddf50] Heap_lock - owner thread: 0x00000234c3fe6530

Heap address: 0x0000000703e00000, size: 4034 MB, Compressed Oops mode: Zero based, Oop shift amount: 3

CDS archive(s) mapped at: [0x0000000000000000-0x0000000000000000-0x0000000000000000), size 0, SharedBaseAddress: 0x0000000800000000, ArchiveRelocationMode: 1.
Narrow klass base: 0x0000000000000000, Narrow klass shift: 0, Narrow klass range: 0x0

GC Precious Log:
 CardTable entry size: 512
 Card Set container configuration: InlinePtr #cards 4 size 8 Array Of Cards #cards 16 size 48 Howl #buckets 8 coarsen threshold 3686 Howl Bitmap #cards 512 size 80 coarsen threshold 460 Card regions per heap region 1 cards per card region 4096

Heap:
 garbage-first heap   total 0K, used 0K [0x0000000703e00000, 0x0000000800000000)
  region size 2048K, 0 young (0K), 0 survivors (0K)

[error occurred during error reporting (printing heap information), id 0xc0000005, EXCEPTION_ACCESS_VIOLATION (0xc0000005) at pc=0x00007ff9edec3e79]
GC Heap History (0 events):
No events

Dll operation events (1 events):
Event: 0.007 Loaded shared library C:\Program Files\Java\jdk-21\bin\java.dll

Deoptimization events (0 events):
No events

Classes loaded (0 events):
No events

Classes unloaded (0 events):
No events

Classes redefined (0 events):
No events

Internal exceptions (0 events):
No events

ZGC Phase Switch (0 events):
No events

VM Operations (0 events):
No events

Events (0 events):
No events


Dynamic libraries:
0x00007ff6e20f0000 - 0x00007ff6e2100000 	C:\Program Files\Java\jdk-21\bin\java.exe
0x00007ffa6b040000 - 0x00007ffa6b2a7000 	C:\WINDOWS\SYSTEM32\ntdll.dll
0x00007ffa6a3a0000 - 0x00007ffa6a469000 	C:\WINDOWS\System32\KERNEL32.DLL
0x00007ffa68170000 - 0x00007ffa68560000 	C:\WINDOWS\System32\KERNELBASE.dll
0x00007ffa68790000 - 0x00007ffa688db000 	C:\WINDOWS\System32\ucrtbase.dll
0x00007ffa61d60000 - 0x00007ffa61d7b000 	C:\Program Files\Java\jdk-21\bin\VCRUNTIME140.dll
0x00007ffa59140000 - 0x00007ffa59159000 	C:\Program Files\Java\jdk-21\bin\jli.dll
0x00007ffa6a260000 - 0x00007ffa6a314000 	C:\WINDOWS\System32\ADVAPI32.dll
0x00007ffa6aca0000 - 0x00007ffa6ad49000 	C:\WINDOWS\System32\msvcrt.dll
0x00007ffa69120000 - 0x00007ffa691c6000 	C:\WINDOWS\System32\sechost.dll
0x00007ffa68f10000 - 0x00007ffa69028000 	C:\WINDOWS\System32\RPCRT4.dll
0x00007ffa6ad80000 - 0x00007ffa6af45000 	C:\WINDOWS\System32\USER32.dll
0x00007ffa689a0000 - 0x00007ffa689c7000 	C:\WINDOWS\System32\win32u.dll
0x00007ffa6ad50000 - 0x00007ffa6ad7b000 	C:\WINDOWS\System32\GDI32.dll
0x00007ffa48b90000 - 0x00007ffa48e2a000 	C:\WINDOWS\WinSxS\amd64_microsoft.windows.common-controls_6595b64144ccf1df_6.0.26100.4768_none_3e0c112ce331287c\COMCTL32.dll
0x00007ffa68a60000 - 0x00007ffa68b98000 	C:\WINDOWS\System32\gdi32full.dll
0x00007ffa68d20000 - 0x00007ffa68dc3000 	C:\WINDOWS\System32\msvcp_win.dll
0x00007ffa58050000 - 0x00007ffa5805b000 	C:\WINDOWS\SYSTEM32\VERSION.dll
0x00007ffa692d0000 - 0x00007ffa692ff000 	C:\WINDOWS\System32\IMM32.DLL
0x00007ffa62d50000 - 0x00007ffa62d5c000 	C:\Program Files\Java\jdk-21\bin\vcruntime140_1.dll
0x00007ffa4ac00000 - 0x00007ffa4ac8e000 	C:\Program Files\Java\jdk-21\bin\msvcp140.dll
0x00007ff9ed7a0000 - 0x00007ff9ee4ba000 	C:\Program Files\Java\jdk-21\bin\server\jvm.dll
0x00007ffa69a90000 - 0x00007ffa69b04000 	C:\WINDOWS\System32\WS2_32.dll
0x00007ffa67fd0000 - 0x00007ffa6802e000 	C:\WINDOWS\SYSTEM32\POWRPROF.dll
0x00007ffa4d460000 - 0x00007ffa4d495000 	C:\WINDOWS\SYSTEM32\WINMM.dll
0x00007ffa67f00000 - 0x00007ffa67f14000 	C:\WINDOWS\SYSTEM32\UMPDC.dll
0x00007ffa66ef0000 - 0x00007ffa66f0b000 	C:\WINDOWS\SYSTEM32\kernel.appcore.dll
0x00007ffa61cd0000 - 0x00007ffa61cda000 	C:\Program Files\Java\jdk-21\bin\jimage.dll
0x00007ffa65970000 - 0x00007ffa65bb1000 	C:\WINDOWS\SYSTEM32\DBGHELP.DLL
0x00007ffa6a810000 - 0x00007ffa6ab95000 	C:\WINDOWS\System32\combase.dll
0x00007ffa69030000 - 0x00007ffa69110000 	C:\WINDOWS\System32\OLEAUT32.dll
0x00007ffa47180000 - 0x00007ffa471c3000 	C:\WINDOWS\SYSTEM32\dbgcore.DLL
0x00007ffa686f0000 - 0x00007ffa68789000 	C:\WINDOWS\System32\bcryptPrimitives.dll
0x00007ffa56330000 - 0x00007ffa5634f000 	C:\Program Files\Java\jdk-21\bin\java.dll

dbghelp: loaded successfully - version: 4.0.5 - missing functions: none
symbol engine: initialized successfully - sym options: 0x614 - pdb path: .;C:\Program Files\Java\jdk-21\bin;C:\WINDOWS\SYSTEM32;C:\WINDOWS\WinSxS\amd64_microsoft.windows.common-controls_6595b64144ccf1df_6.0.26100.4768_none_3e0c112ce331287c;C:\Program Files\Java\jdk-21\bin\server

VM Arguments:
java_command: C:\Users\VaVe\AppData\Local\Temp\surefire15251547579844772451\surefirebooter-20250807221021113_3.jar C:\Users\VaVe\AppData\Local\Temp\surefire15251547579844772451 2025-08-07T22-10-20_974-jvmRun1 surefire-20250807221021113_1tmp surefire_0-20250807221021113_2tmp
java_class_path (initial): C:\Users\VaVe\AppData\Local\Temp\surefire15251547579844772451\surefirebooter-20250807221021113_3.jar
Launcher Type: SUN_STANDARD

[Global flags]
     intx CICompilerCount                          = 4                                         {product} {ergonomic}
     uint ConcGCThreads                            = 2                                         {product} {ergonomic}
     uint G1ConcRefinementThreads                  = 8                                         {product} {ergonomic}
   size_t G1HeapRegionSize                         = 2097152                                   {product} {ergonomic}
    uintx GCDrainStackTargetSize                   = 64                                        {product} {ergonomic}
   size_t InitialHeapSize                          = 266338304                                 {product} {ergonomic}
   size_t MarkStackSize                            = 4194304                                   {product} {ergonomic}
   size_t MaxHeapSize                              = 4229955584                                {product} {ergonomic}
   size_t MinHeapDeltaBytes                        = 2097152                                   {product} {ergonomic}
   size_t MinHeapSize                              = 8388608                                   {product} {ergonomic}
    uintx NonNMethodCodeHeapSize                   = 5839372                                {pd product} {ergonomic}
    uintx NonProfiledCodeHeapSize                  = 122909434                              {pd product} {ergonomic}
    uintx ProfiledCodeHeapSize                     = 122909434                              {pd product} {ergonomic}
    uintx ReservedCodeCacheSize                    = 251658240                              {pd product} {ergonomic}
     bool SegmentedCodeCache                       = true                                      {product} {ergonomic}
   size_t SoftMaxHeapSize                          = 4229955584                             {manageable} {ergonomic}
     bool UseCompressedOops                        = true                           {product lp64_product} {ergonomic}
     bool UseG1GC                                  = true                                      {product} {ergonomic}
     bool UseLargePagesIndividualAllocation        = false                                  {pd product} {ergonomic}

Logging:
Log output configuration:
 #0: stdout all=warning uptime,level,tags foldmultilines=false
 #1: stderr all=off uptime,level,tags foldmultilines=false

Environment Variables:
JAVA_HOME=C:\Program Files\Java\jdk-21
PATH=C:\Program Files\Java\jdk-21\bin;C:\Program Files\apache-maven-3.9.10\bin;C:\Program Files\NVIDIA GPU Computing Toolkit\CUDA\v11.6\bin;C:\Program Files\NVIDIA GPU Computing Toolkit\CUDA\v11.6\libnvvp;C:\Program Files (x86)\Common Files\Intel\Shared Libraries\redist\intel64\compiler;C:\windows\system32;C:\windows;C:\windows\System32\Wbem;C:\windows\System32\WindowsPowerShell\v1.0\;C:\windows\System32\OpenSSH\;C:\Program Files (x86)\NVIDIA Corporation\PhysX\Common;C:\Program Files\NVIDIA Corporation\NVIDIA NvDLISR;C:\Program Files\NVIDIA Corporation\Nsight Compute 2022.1.1\;C:\WINDOWS\system32;C:\WINDOWS;C:\WINDOWS\System32\Wbem;C:\WINDOWS\System32\WindowsPowerShell\v1.0\;C:\WINDOWS\System32\OpenSSH\;C:\Program Files\HP\HP One Agent;C:\WINDOWS\system32;C:\WINDOWS;C:\WINDOWS\System32\Wbem;C:\WINDOWS\System32\WindowsPowerShell\v1.0\;C:\WINDOWS\System32\OpenSSH\;C:\Program Files\Git\cmd;C:\Program Files\MySQL\MySQL Server 8.0\bin;C:\Program Files\MySQL\MySQL Shell 8.0\bin\;C:\Users\VaVe\AppData\Local\Microsoft\WindowsApps;;D:\IntelliJ IDEA Community Edition 2025.1.3\bin;
USERNAME=VaVe
OS=Windows_NT
PROCESSOR_IDENTIFIER=Intel64 Family 6 Model 140 Stepping 1, GenuineIntel
TMP=C:\Users\VaVe\AppData\Local\Temp
TEMP=C:\Users\VaVe\AppData\Local\Temp




Periodic native trim disabled

---------------  S Y S T E M  ---------------

OS:
 Windows 11 , 64 bit Build 26100 (10.0.26100.4768)
OS uptime: 5 days 4:22 hours

CPU: total 8 (initial active 8) (4 cores per cpu, 2 threads per core) family 6 model 140 stepping 1 microcode 0xb8, cx8, cmov, fxsr, ht, mmx, 3dnowpref, sse, sse2, sse3, ssse3, sse4.1, sse4.2, popcnt, lzcnt, tsc, tscinvbit, avx, avx2, aes, erms, clmul, bmi1, bmi2, adx, avx512f, avx512dq, avx512cd, avx512bw, avx512vl, sha, fma, vzeroupper, avx512_vpopcntdq, avx512_vpclmulqdq, avx512_vaes, avx512_vnni, clflush, clflushopt, clwb, avx512_vbmi2, avx512_vbmi, rdtscp, rdpid, fsrm, gfni, avx512_bitalg, f16c, pku, cet_ibt, cet_ss, avx512_ifma
Processor Information for all 8 processors :
  Max Mhz: 3302, Current Mhz: 3302, Mhz Limit: 3302

Memory: 4k page, system-wide physical 16129M (2968M free)
TotalPageFile size 18172M (AvailPageFile size 58M)
current process WorkingSet (physical memory assigned to process): 12M, peak: 12M
current process commit charge ("private bytes"): 60M, peak: 314M

vm_info: Java HotSpot(TM) 64-Bit Server VM (21.0.7+8-LTS-245) for windows-amd64 JRE (21.0.7+8-LTS-245), built on 2025-02-21T05:11:27Z by "mach5one" with MS VC++ 17.6 (VS2022)

END.
